<?xml version="1.0" encoding="UTF-8"?>
<!-- Generated by org.testng.reporters.JUnitXMLReporter -->
<testsuite ignored="0" hostname="LAPTOP-MFSCPA7U" failures="0" tests="9" name="Test" time="66.612" errors="0" timestamp="2022-11-22T19:46:45 IST">
  <testcase classname="Annotations" name="tc_1" time="0.012"/>
  <testcase classname="Annotations" name="tc_2" time="0.002"/>
  <testcase classname="com.parallel.Parallel2" name="tc_2" time="24.431"/>
  <testcase classname="com.Serialexecution.Serial" name="tc_1" time="27.817"/>
  <testcase classname="com.parallel.Parallel" name="tc_1" time="43.468"/>
  <testcase classname="com.Serialexecution.Serial" name="tc_2" time="20.235"/>
  <testcase classname="com.parallel.Classone" name="tc_1" time="25.381"/>
  <testcase classname="com.parallel.ClassTwo" name="tc_1" time="18.006"/>
  <testcase classname="com.parallel.Classone" name="tc_3" time="16.588"/>
</testsuite> <!-- Test -->
